<?xml version="1.0" encoding="UTF-8"?>
<!-- Generated by org.testng.reporters.JUnitReportReporter -->
<testsuite hostname="DESKTOP-NJ97IE9" failures="0" tests="2" name="Tests.LoginTest" time="4.646" errors="0" timestamp="2024-04-12T17:30:57 IST" skipped="0">
  <testcase classname="Tests.LoginTest" name="doLoginWithInvalidCredential" time="3.449"/>
  <system-out/>
  <testcase classname="Tests.LoginTest" name="loginTestWithValidCredential" time="1.197"/>
  <system-out/>
</testsuite> <!-- Tests.LoginTest -->
