<?xml version="1.0" encoding="UTF-8"?>
<!-- Generated by org.testng.reporters.JUnitReportReporter -->
<testsuite hostname="DESKTOP-NJ97IE9" failures="0" tests="9" name="Demo.OrangeHRM" time="16.798" errors="0" timestamp="2024-04-03T13:09:51 IST" skipped="8">
  <testcase classname="Demo.OrangeHRM" name="applyLeave" time="16.798"/>
  <system-out/>
  <testcase classname="Demo.OrangeHRM" name="deleteEmployee">
    <skipped/>
  </testcase> <!-- deleteEmployee -->
  <system-out/>
  <testcase classname="Demo.OrangeHRM" name="searchEmployeeNyName">
    <skipped/>
  </testcase> <!-- searchEmployeeNyName -->
  <system-out/>
  <testcase classname="Demo.OrangeHRM" name="addEmployee">
    <skipped/>
  </testcase> <!-- addEmployee -->
  <system-out/>
  <testcase classname="Demo.OrangeHRM" name="fileUpload">
    <skipped/>
  </testcase> <!-- fileUpload -->
  <system-out/>
  <testcase classname="Demo.OrangeHRM" name="loginTestWithValidCredential">
    <skipped/>
  </testcase> <!-- loginTestWithValidCredential -->
  <system-out/>
  <testcase classname="Demo.OrangeHRM" name="searchEmployeeById">
    <skipped/>
  </testcase> <!-- searchEmployeeById -->
  <system-out/>
  <testcase classname="Demo.OrangeHRM" name="ListEmployees">
    <skipped/>
  </testcase> <!-- ListEmployees -->
  <system-out/>
  <testcase classname="Demo.OrangeHRM" name="doLoginWithInvalidCredential">
    <skipped/>
  </testcase> <!-- doLoginWithInvalidCredential -->
  <system-out/>
</testsuite> <!-- Demo.OrangeHRM -->
